 PATH path3817 FOUND 
SVG scale factor = 1.000000
SVG offset = 0.000000,0.000000
POLYGON  0)
Move (abs)	raw = 548.85,0.00	coord = 548.85,0.00
	raw = 260.07,0.00	coord = 260.07,0.00
Line (abs)	raw = 545.34,0.00	coord = 545.34,0.00
	raw = 260.37,0.00	coord = 260.37,0.00
Line (abs)	raw = 541.13,0.00	coord = 541.13,0.00
	raw = 260.80,0.00	coord = 260.80,0.00
Line (abs)	raw = 540.29,0.00	coord = 540.29,0.00
	raw = 262.78,0.00	coord = 262.78,0.00
Line (abs)	raw = 537.60,0.00	coord = 537.60,0.00
	raw = 269.13,0.00	coord = 269.13,0.00
Line (abs)	raw = 536.65,0.00	coord = 536.65,0.00
	raw = 278.35,0.00	coord = 278.35,0.00
Line (abs)	raw = 536.15,0.00	coord = 536.15,0.00
	raw = 287.61,0.00	coord = 287.61,0.00
Line (abs)	raw = 535.82,0.00	coord = 535.82,0.00
	raw = 296.88,0.00	coord = 296.88,0.00
Line (abs)	raw = 535.56,0.00	coord = 535.56,0.00
	raw = 306.14,0.00	coord = 306.14,0.00
Line (abs)	raw = 535.30,0.00	coord = 535.30,0.00
	raw = 315.91,0.00	coord = 315.91,0.00
Line (abs)	raw = 534.95,0.00	coord = 534.95,0.00
	raw = 325.67,0.00	coord = 325.67,0.00
Line (abs)	raw = 534.30,0.00	coord = 534.30,0.00
	raw = 335.42,0.00	coord = 335.42,0.00
Line (abs)	raw = 530.67,0.00	coord = 530.67,0.00
	raw = 343.04,0.00	coord = 343.04,0.00
Line (abs)	raw = 528.40,0.00	coord = 528.40,0.00
	raw = 342.93,0.00	coord = 342.93,0.00
Line (abs)	raw = 523.63,0.00	coord = 523.63,0.00
	raw = 341.70,0.00	coord = 341.70,0.00
Line (abs)	raw = 516.90,0.00	coord = 516.90,0.00
	raw = 339.57,0.00	coord = 339.57,0.00
Line (abs)	raw = 508.88,0.00	coord = 508.88,0.00
	raw = 337.15,0.00	coord = 337.15,0.00
Line (abs)	raw = 500.63,0.00	coord = 500.63,0.00
	raw = 335.72,0.00	coord = 335.72,0.00
Line (abs)	raw = 492.27,0.00	coord = 492.27,0.00
	raw = 335.26,0.00	coord = 335.26,0.00
Line (abs)	raw = 484.67,0.00	coord = 484.67,0.00
	raw = 334.94,0.00	coord = 334.94,0.00
Line (abs)	raw = 477.09,0.00	coord = 477.09,0.00
	raw = 334.34,0.00	coord = 334.34,0.00
Line (abs)	raw = 472.50,0.00	coord = 472.50,0.00
	raw = 331.55,0.00	coord = 331.55,0.00
Line (abs)	raw = 467.33,0.00	coord = 467.33,0.00
	raw = 327.39,0.00	coord = 327.39,0.00
Line (abs)	raw = 461.68,0.00	coord = 461.68,0.00
	raw = 323.05,0.00	coord = 323.05,0.00
Line (abs)	raw = 454.43,0.00	coord = 454.43,0.00
	raw = 318.86,0.00	coord = 318.86,0.00
Line (abs)	raw = 446.77,0.00	coord = 446.77,0.00
	raw = 315.45,0.00	coord = 315.45,0.00
Line (abs)	raw = 438.83,0.00	coord = 438.83,0.00
	raw = 312.78,0.00	coord = 312.78,0.00
Line (abs)	raw = 430.68,0.00	coord = 430.68,0.00
	raw = 310.86,0.00	coord = 310.86,0.00
Line (abs)	raw = 422.38,0.00	coord = 422.38,0.00
	raw = 309.74,0.00	coord = 309.74,0.00
Line (abs)	raw = 413.41,0.00	coord = 413.41,0.00
	raw = 309.74,0.00	coord = 309.74,0.00
Line (abs)	raw = 404.54,0.00	coord = 404.54,0.00
	raw = 311.05,0.00	coord = 311.05,0.00
Line (abs)	raw = 395.91,0.00	coord = 395.91,0.00
	raw = 313.48,0.00	coord = 313.48,0.00
Line (abs)	raw = 387.63,0.00	coord = 387.63,0.00
	raw = 316.93,0.00	coord = 316.93,0.00
Line (abs)	raw = 379.84,0.00	coord = 379.84,0.00
	raw = 321.38,0.00	coord = 321.38,0.00
Line (abs)	raw = 372.73,0.00	coord = 372.73,0.00
	raw = 326.84,0.00	coord = 326.84,0.00
Line (abs)	raw = 367.57,0.00	coord = 367.57,0.00
	raw = 332.24,0.00	coord = 332.24,0.00
Line (abs)	raw = 362.82,0.00	coord = 362.82,0.00
	raw = 338.01,0.00	coord = 338.01,0.00
Line (abs)	raw = 358.38,0.00	coord = 358.38,0.00
	raw = 344.02,0.00	coord = 344.02,0.00
Line (abs)	raw = 353.80,0.00	coord = 353.80,0.00
	raw = 350.31,0.00	coord = 350.31,0.00
Line (abs)	raw = 348.70,0.00	coord = 348.70,0.00
	raw = 356.17,0.00	coord = 356.17,0.00
Line (abs)	raw = 342.70,0.00	coord = 342.70,0.00
	raw = 361.08,0.00	coord = 361.08,0.00
Line (abs)	raw = 335.66,0.00	coord = 335.66,0.00
	raw = 364.35,0.00	coord = 364.35,0.00
Line (abs)	raw = 327.27,0.00	coord = 327.27,0.00
	raw = 367.66,0.00	coord = 367.66,0.00
Line (abs)	raw = 319.31,0.00	coord = 319.31,0.00
	raw = 371.89,0.00	coord = 371.89,0.00
Line (abs)	raw = 311.86,0.00	coord = 311.86,0.00
	raw = 376.97,0.00	coord = 376.97,0.00
Line (abs)	raw = 305.06,0.00	coord = 305.06,0.00
	raw = 382.89,0.00	coord = 382.89,0.00
Line (abs)	raw = 299.10,0.00	coord = 299.10,0.00
	raw = 389.65,0.00	coord = 389.65,0.00
Line (abs)	raw = 294.53,0.00	coord = 294.53,0.00
	raw = 396.36,0.00	coord = 396.36,0.00
Line (abs)	raw = 290.84,0.00	coord = 290.84,0.00
	raw = 403.59,0.00	coord = 403.59,0.00
Line (abs)	raw = 289.27,0.00	coord = 289.27,0.00
	raw = 407.81,0.00	coord = 407.81,0.00
Line (abs)	raw = 288.01,0.00	coord = 288.01,0.00
	raw = 411.20,0.00	coord = 411.20,0.00
Line (abs)	raw = 285.68,0.00	coord = 285.68,0.00
	raw = 418.98,0.00	coord = 418.98,0.00
Line (abs)	raw = 283.73,0.00	coord = 283.73,0.00
	raw = 425.49,0.00	coord = 425.49,0.00
Line (abs)	raw = 281.30,0.00	coord = 281.30,0.00
	raw = 431.83,0.00	coord = 431.83,0.00
Line (abs)	raw = 274.27,0.00	coord = 274.27,0.00
	raw = 434.79,0.00	coord = 434.79,0.00
Line (abs)	raw = 266.51,0.00	coord = 266.51,0.00
	raw = 435.56,0.00	coord = 435.56,0.00
Line (abs)	raw = 258.72,0.00	coord = 258.72,0.00
	raw = 435.98,0.00	coord = 435.98,0.00
Line (abs)	raw = 250.93,0.00	coord = 250.93,0.00
	raw = 436.29,0.00	coord = 436.29,0.00
Line (abs)	raw = 241.60,0.00	coord = 241.60,0.00
	raw = 436.67,0.00	coord = 436.67,0.00
Line (abs)	raw = 232.29,0.00	coord = 232.29,0.00
	raw = 437.24,0.00	coord = 437.24,0.00
Line (abs)	raw = 223.20,0.00	coord = 223.20,0.00
	raw = 439.11,0.00	coord = 439.11,0.00
Line (abs)	raw = 219.29,0.00	coord = 219.29,0.00
	raw = 442.51,0.00	coord = 442.51,0.00
Line (abs)	raw = 219.69,0.00	coord = 219.69,0.00
	raw = 447.41,0.00	coord = 447.41,0.00
Line (abs)	raw = 227.17,0.00	coord = 227.17,0.00
	raw = 449.83,0.00	coord = 449.83,0.00
Line (abs)	raw = 235.17,0.00	coord = 235.17,0.00
	raw = 450.48,0.00	coord = 450.48,0.00
Line (abs)	raw = 243.18,0.00	coord = 243.18,0.00
	raw = 450.87,0.00	coord = 450.87,0.00
Line (abs)	raw = 251.20,0.00	coord = 251.20,0.00
	raw = 451.16,0.00	coord = 451.16,0.00
Line (abs)	raw = 251.20,0.00	coord = 251.20,0.00
	raw = 451.16,0.00	coord = 451.16,0.00
Line (abs)	raw = 261.11,0.00	coord = 261.11,0.00
	raw = 451.39,0.00	coord = 451.39,0.00
Line (abs)	raw = 271.02,0.00	coord = 271.02,0.00
	raw = 451.54,0.00	coord = 451.54,0.00
Line (abs)	raw = 280.93,0.00	coord = 280.93,0.00
	raw = 451.64,0.00	coord = 451.64,0.00
Line (abs)	raw = 290.83,0.00	coord = 290.83,0.00
	raw = 451.72,0.00	coord = 451.72,0.00
Line (abs)	raw = 300.74,0.00	coord = 300.74,0.00
	raw = 451.79,0.00	coord = 451.79,0.00
Line (abs)	raw = 310.65,0.00	coord = 310.65,0.00
	raw = 451.84,0.00	coord = 451.84,0.00
Line (abs)	raw = 320.56,0.00	coord = 320.56,0.00
	raw = 451.89,0.00	coord = 451.89,0.00
Line (abs)	raw = 330.47,0.00	coord = 330.47,0.00
	raw = 451.93,0.00	coord = 451.93,0.00
Line (abs)	raw = 340.38,0.00	coord = 340.38,0.00
	raw = 451.96,0.00	coord = 451.96,0.00
Line (abs)	raw = 350.29,0.00	coord = 350.29,0.00
	raw = 451.98,0.00	coord = 451.98,0.00
Line (abs)	raw = 360.21,0.00	coord = 360.21,0.00
	raw = 452.00,0.00	coord = 452.00,0.00
Line (abs)	raw = 370.12,0.00	coord = 370.12,0.00
	raw = 452.02,0.00	coord = 452.02,0.00
Line (abs)	raw = 380.03,0.00	coord = 380.03,0.00
	raw = 452.03,0.00	coord = 452.03,0.00
Line (abs)	raw = 389.94,0.00	coord = 389.94,0.00
	raw = 452.04,0.00	coord = 452.04,0.00
Line (abs)	raw = 399.84,0.00	coord = 399.84,0.00
	raw = 452.04,0.00	coord = 452.04,0.00
Line (abs)	raw = 409.75,0.00	coord = 409.75,0.00
	raw = 452.04,0.00	coord = 452.04,0.00
Line (abs)	raw = 419.66,0.00	coord = 419.66,0.00
	raw = 452.04,0.00	coord = 452.04,0.00
Line (abs)	raw = 429.57,0.00	coord = 429.57,0.00
	raw = 452.04,0.00	coord = 452.04,0.00
Line (abs)	raw = 439.48,0.00	coord = 439.48,0.00
	raw = 452.03,0.00	coord = 452.03,0.00
Line (abs)	raw = 449.39,0.00	coord = 449.39,0.00
	raw = 452.02,0.00	coord = 452.02,0.00
Line (abs)	raw = 459.30,0.00	coord = 459.30,0.00
	raw = 452.01,0.00	coord = 452.01,0.00
Line (abs)	raw = 469.21,0.00	coord = 469.21,0.00
	raw = 451.99,0.00	coord = 451.99,0.00
Line (abs)	raw = 479.13,0.00	coord = 479.13,0.00
	raw = 451.98,0.00	coord = 451.98,0.00
Line (abs)	raw = 489.04,0.00	coord = 489.04,0.00
	raw = 451.96,0.00	coord = 451.96,0.00
Line (abs)	raw = 498.94,0.00	coord = 498.94,0.00
	raw = 451.94,0.00	coord = 451.94,0.00
Line (abs)	raw = 508.85,0.00	coord = 508.85,0.00
	raw = 451.92,0.00	coord = 451.92,0.00
Line (abs)	raw = 518.76,0.00	coord = 518.76,0.00
	raw = 451.90,0.00	coord = 451.90,0.00
Line (abs)	raw = 528.67,0.00	coord = 528.67,0.00
	raw = 451.87,0.00	coord = 451.87,0.00
Line (abs)	raw = 538.58,0.00	coord = 538.58,0.00
	raw = 451.85,0.00	coord = 451.85,0.00
Line (abs)	raw = 548.49,0.00	coord = 548.49,0.00
	raw = 451.82,0.00	coord = 451.82,0.00
Line (abs)	raw = 558.40,0.00	coord = 558.40,0.00
	raw = 451.79,0.00	coord = 451.79,0.00
Line (abs)	raw = 568.31,0.00	coord = 568.31,0.00
	raw = 451.75,0.00	coord = 451.75,0.00
Line (abs)	raw = 578.22,0.00	coord = 578.22,0.00
	raw = 451.72,0.00	coord = 451.72,0.00
Line (abs)	raw = 588.13,0.00	coord = 588.13,0.00
	raw = 451.68,0.00	coord = 451.68,0.00
Line (abs)	raw = 598.04,0.00	coord = 598.04,0.00
	raw = 451.65,0.00	coord = 451.65,0.00
Line (abs)	raw = 607.95,0.00	coord = 607.95,0.00
	raw = 451.61,0.00	coord = 451.61,0.00
Line (abs)	raw = 617.86,0.00	coord = 617.86,0.00
	raw = 451.56,0.00	coord = 451.56,0.00
Line (abs)	raw = 627.77,0.00	coord = 627.77,0.00
	raw = 451.52,0.00	coord = 451.52,0.00
Line (abs)	raw = 637.68,0.00	coord = 637.68,0.00
	raw = 451.47,0.00	coord = 451.47,0.00
Line (abs)	raw = 647.59,0.00	coord = 647.59,0.00
	raw = 451.43,0.00	coord = 451.43,0.00
Line (abs)	raw = 657.50,0.00	coord = 657.50,0.00
	raw = 451.38,0.00	coord = 451.38,0.00
Line (abs)	raw = 667.41,0.00	coord = 667.41,0.00
	raw = 451.32,0.00	coord = 451.32,0.00
Line (abs)	raw = 677.32,0.00	coord = 677.32,0.00
	raw = 451.27,0.00	coord = 451.27,0.00
Line (abs)	raw = 687.23,0.00	coord = 687.23,0.00
	raw = 451.21,0.00	coord = 451.21,0.00
Line (abs)	raw = 697.14,0.00	coord = 697.14,0.00
	raw = 451.15,0.00	coord = 451.15,0.00
Line (abs)	raw = 707.05,0.00	coord = 707.05,0.00
	raw = 451.09,0.00	coord = 451.09,0.00
Line (abs)	raw = 716.96,0.00	coord = 716.96,0.00
	raw = 451.03,0.00	coord = 451.03,0.00
Line (abs)	raw = 726.87,0.00	coord = 726.87,0.00
	raw = 450.96,0.00	coord = 450.96,0.00
Line (abs)	raw = 736.78,0.00	coord = 736.78,0.00
	raw = 450.88,0.00	coord = 450.88,0.00
Line (abs)	raw = 746.69,0.00	coord = 746.69,0.00
	raw = 450.81,0.00	coord = 450.81,0.00
Line (abs)	raw = 756.60,0.00	coord = 756.60,0.00
	raw = 450.73,0.00	coord = 450.73,0.00
Line (abs)	raw = 766.51,0.00	coord = 766.51,0.00
	raw = 450.64,0.00	coord = 450.64,0.00
Line (abs)	raw = 776.42,0.00	coord = 776.42,0.00
	raw = 450.55,0.00	coord = 450.55,0.00
Line (abs)	raw = 786.33,0.00	coord = 786.33,0.00
	raw = 450.45,0.00	coord = 450.45,0.00
Line (abs)	raw = 796.24,0.00	coord = 796.24,0.00
	raw = 450.35,0.00	coord = 450.35,0.00
Line (abs)	raw = 806.15,0.00	coord = 806.15,0.00
	raw = 450.23,0.00	coord = 450.23,0.00
Line (abs)	raw = 816.05,0.00	coord = 816.05,0.00
	raw = 450.10,0.00	coord = 450.10,0.00
Line (abs)	raw = 825.96,0.00	coord = 825.96,0.00
	raw = 449.96,0.00	coord = 449.96,0.00
Line (abs)	raw = 835.87,0.00	coord = 835.87,0.00
	raw = 449.78,0.00	coord = 449.78,0.00
Line (abs)	raw = 845.78,0.00	coord = 845.78,0.00
	raw = 449.56,0.00	coord = 449.56,0.00
Line (abs)	raw = 855.68,0.00	coord = 855.68,0.00
	raw = 449.15,0.00	coord = 449.15,0.00
Line (abs)	raw = 864.51,0.00	coord = 864.51,0.00
	raw = 448.10,0.00	coord = 448.10,0.00
Line (abs)	raw = 871.47,0.00	coord = 871.47,0.00
	raw = 443.83,0.00	coord = 443.83,0.00
Line (abs)	raw = 864.42,0.00	coord = 864.42,0.00
	raw = 438.71,0.00	coord = 438.71,0.00
Line (abs)	raw = 854.96,0.00	coord = 854.96,0.00
	raw = 437.44,0.00	coord = 437.44,0.00
Line (abs)	raw = 845.44,0.00	coord = 845.44,0.00
	raw = 436.69,0.00	coord = 436.69,0.00
Line (abs)	raw = 835.91,0.00	coord = 835.91,0.00
	raw = 436.11,0.00	coord = 436.11,0.00
Line (abs)	raw = 827.58,0.00	coord = 827.58,0.00
	raw = 435.56,0.00	coord = 435.56,0.00
Line (abs)	raw = 819.27,0.00	coord = 819.27,0.00
	raw = 434.85,0.00	coord = 434.85,0.00
Line (abs)	raw = 811.04,0.00	coord = 811.04,0.00
	raw = 433.62,0.00	coord = 433.62,0.00
Line (abs)	raw = 808.26,0.00	coord = 808.26,0.00
	raw = 427.08,0.00	coord = 427.08,0.00
Line (abs)	raw = 806.26,0.00	coord = 806.26,0.00
	raw = 420.23,0.00	coord = 420.23,0.00
Line (abs)	raw = 803.67,0.00	coord = 803.67,0.00
	raw = 411.62,0.00	coord = 411.62,0.00
Line (abs)	raw = 802.19,0.00	coord = 802.19,0.00
	raw = 407.81,0.00	coord = 407.81,0.00
Line (abs)	raw = 800.42,0.00	coord = 800.42,0.00
	raw = 403.24,0.00	coord = 403.24,0.00
Line (abs)	raw = 796.40,0.00	coord = 796.40,0.00
	raw = 395.20,0.00	coord = 395.20,0.00
Line (abs)	raw = 791.49,0.00	coord = 791.49,0.00
	raw = 387.67,0.00	coord = 387.67,0.00
Line (abs)	raw = 785.63,0.00	coord = 785.63,0.00
	raw = 380.86,0.00	coord = 380.86,0.00
Line (abs)	raw = 778.82,0.00	coord = 778.82,0.00
	raw = 375.00,0.00	coord = 375.00,0.00
Line (abs)	raw = 771.17,0.00	coord = 771.17,0.00
	raw = 370.29,0.00	coord = 370.29,0.00
Line (abs)	raw = 762.87,0.00	coord = 762.87,0.00
	raw = 366.85,0.00	coord = 366.85,0.00
Line (abs)	raw = 754.98,0.00	coord = 754.98,0.00
	raw = 363.91,0.00	coord = 363.91,0.00
Line (abs)	raw = 747.60,0.00	coord = 747.60,0.00
	raw = 359.88,0.00	coord = 359.88,0.00
Line (abs)	raw = 741.23,0.00	coord = 741.23,0.00
	raw = 354.38,0.00	coord = 354.38,0.00
Line (abs)	raw = 735.84,0.00	coord = 735.84,0.00
	raw = 347.92,0.00	coord = 347.92,0.00
Line (abs)	raw = 730.95,0.00	coord = 730.95,0.00
	raw = 341.06,0.00	coord = 341.06,0.00
Line (abs)	raw = 725.82,0.00	coord = 725.82,0.00
	raw = 334.49,0.00	coord = 334.49,0.00
Line (abs)	raw = 719.94,0.00	coord = 719.94,0.00
	raw = 328.57,0.00	coord = 328.57,0.00
Line (abs)	raw = 713.46,0.00	coord = 713.46,0.00
	raw = 323.31,0.00	coord = 323.31,0.00
Line (abs)	raw = 706.52,0.00	coord = 706.52,0.00
	raw = 318.69,0.00	coord = 318.69,0.00
Line (abs)	raw = 699.20,0.00	coord = 699.20,0.00
	raw = 314.68,0.00	coord = 314.68,0.00
Line (abs)	raw = 691.16,0.00	coord = 691.16,0.00
	raw = 311.04,0.00	coord = 311.04,0.00
Line (abs)	raw = 682.75,0.00	coord = 682.75,0.00
	raw = 308.38,0.00	coord = 308.38,0.00
Line (abs)	raw = 673.99,0.00	coord = 673.99,0.00
	raw = 307.45,0.00	coord = 307.45,0.00
Line (abs)	raw = 665.25,0.00	coord = 665.25,0.00
	raw = 308.52,0.00	coord = 308.52,0.00
Line (abs)	raw = 656.09,0.00	coord = 656.09,0.00
	raw = 311.06,0.00	coord = 311.06,0.00
Line (abs)	raw = 647.27,0.00	coord = 647.27,0.00
	raw = 314.57,0.00	coord = 314.57,0.00
Line (abs)	raw = 638.81,0.00	coord = 638.81,0.00
	raw = 318.90,0.00	coord = 318.90,0.00
Line (abs)	raw = 630.72,0.00	coord = 630.72,0.00
	raw = 323.89,0.00	coord = 323.89,0.00
Line (abs)	raw = 623.84,0.00	coord = 623.84,0.00
	raw = 328.42,0.00	coord = 328.42,0.00
Line (abs)	raw = 616.71,0.00	coord = 616.71,0.00
	raw = 332.51,0.00	coord = 332.51,0.00
Line (abs)	raw = 608.75,0.00	coord = 608.75,0.00
	raw = 334.47,0.00	coord = 334.47,0.00
Line (abs)	raw = 600.53,0.00	coord = 600.53,0.00
	raw = 334.98,0.00	coord = 334.98,0.00
Line (abs)	raw = 591.77,0.00	coord = 591.77,0.00
	raw = 335.63,0.00	coord = 335.63,0.00
Line (abs)	raw = 583.13,0.00	coord = 583.13,0.00
	raw = 337.18,0.00	coord = 337.18,0.00
Line (abs)	raw = 574.71,0.00	coord = 574.71,0.00
	raw = 339.65,0.00	coord = 339.65,0.00
Line (abs)	raw = 567.61,0.00	coord = 567.61,0.00
	raw = 341.76,0.00	coord = 341.76,0.00
Line (abs)	raw = 560.38,0.00	coord = 560.38,0.00
	raw = 343.29,0.00	coord = 343.29,0.00
Line (abs)	raw = 557.65,0.00	coord = 557.65,0.00
	raw = 339.73,0.00	coord = 339.73,0.00
Line (abs)	raw = 556.89,0.00	coord = 556.89,0.00
	raw = 330.69,0.00	coord = 330.69,0.00
Line (abs)	raw = 556.44,0.00	coord = 556.44,0.00
	raw = 321.62,0.00	coord = 321.62,0.00
Line (abs)	raw = 556.08,0.00	coord = 556.08,0.00
	raw = 312.54,0.00	coord = 312.54,0.00
Line (abs)	raw = 555.79,0.00	coord = 555.79,0.00
	raw = 303.47,0.00	coord = 303.47,0.00
Line (abs)	raw = 555.48,0.00	coord = 555.48,0.00
	raw = 294.19,0.00	coord = 294.19,0.00
Line (abs)	raw = 555.08,0.00	coord = 555.08,0.00
	raw = 284.92,0.00	coord = 284.92,0.00
Line (abs)	raw = 554.56,0.00	coord = 554.56,0.00
	raw = 275.66,0.00	coord = 275.66,0.00
Line (abs)	raw = 553.64,0.00	coord = 553.64,0.00
	raw = 266.43,0.00	coord = 266.43,0.00
Line (abs)	raw = 548.85,0.00	coord = 548.85,0.00
	raw = 260.07,0.00	coord = 260.07,0.00
End polygon at 548.85,0.00

 PATH path3819 FOUND 
SVG scale factor = 1.000000
SVG offset = 0.000000,0.000000
POLYGON  1)
Move (rel)	raw = 577.65,259.65	coord = 577.65,259.65
	raw = -5.45,3.23	coord = -5.45,3.23
	raw = -2.18,8.12	coord = -2.18,8.12
	raw = -0.72,8.42	coord = -0.72,8.42
	raw = -0.10,8.46	coord = -0.10,8.46
	raw = 0.44,8.44	coord = 0.44,8.44
	raw = 0.83,7.55	coord = 0.83,7.55
	raw = 1.61,7.42	coord = 1.61,7.42
	raw = 3.83,6.48	coord = 3.83,6.48
	raw = 1.31,0.28	coord = 1.31,0.28
	raw = 0.09,0.16	coord = 0.09,0.16
	raw = 0.17,-0.11	coord = 0.17,-0.11
	raw = 2.41,0.52	coord = 2.41,0.52
Horz (rel)	raw = 1.62,0.00	coord = 4.03,0.52
Line (rel)	raw = 2.73,-4.79	coord = 6.76,-4.28
	raw = 0.06,-0.04	coord = 6.82,-4.32
	raw = 0.04,-0.14	coord = 6.86,-4.45
	raw = 1.82,-3.20	coord = 8.69,-7.65
	raw = 1.71,-9.84	coord = 10.40,-17.49
	raw = 0.67,-9.97	coord = 11.07,-27.46
	raw = 0.11,-9.32	coord = 11.18,-36.78
	raw = -0.58,-9.30	coord = 10.60,-46.08
	raw = -2.51,-8.92	coord = 8.09,-55.00
	raw = -5.90,-2.57	coord = 2.20,-57.58
	raw = -0.43,-0.27	coord = 1.77,-57.84
	raw = -0.62,-0.23	coord = 1.15,-58.07
End polygon at 577.65,259.65

 PATH path3821 FOUND 
SVG scale factor = 1.000000
SVG offset = 0.000000,0.000000
POLYGON  2)
Move (rel)	raw = 512.27,259.14	coord = 512.27,259.14
	raw = -6.22,4.06	coord = -6.22,4.06
	raw = -2.61,7.20	coord = -2.61,7.20
	raw = -0.81,8.73	coord = -0.81,8.73
	raw = -0.11,8.77	coord = -0.11,8.77
	raw = 0.38,8.76	coord = 0.38,8.76
	raw = 0.89,8.72	coord = 0.89,8.72
	raw = 1.95,8.53	coord = 1.95,8.53
	raw = 4.01,4.46	coord = 4.01,4.46
	raw = 5.50,-0.24	coord = 5.50,-0.24
	raw = 3.43,-4.71	coord = 3.43,-4.71
	raw = 2.34,-8.49	coord = 2.34,-8.49
	raw = 1.10,-8.76	coord = 1.10,-8.76
	raw = 0.49,-8.82	coord = 0.49,-8.82
	raw = -0.08,-8.83	coord = -0.08,-8.83
	raw = -0.91,-8.78	coord = -0.91,-8.78
	raw = -2.83,-7.10	coord = -2.83,-7.10
End polygon at 512.27,259.14

 PATH path3823 FOUND 
SVG scale factor = 1.000000
SVG offset = 0.000000,0.000000
POLYGON  3)
Move (abs)	raw = 546.73,0.86	coord = 546.73,0.86
	raw = 544.99,2.33	coord = 544.99,2.33
	raw = 544.53,1.96	coord = 544.53,1.96
	raw = 543.46,3.63	coord = 543.46,3.63
Line (rel)	raw = -2.54,2.15	coord = 540.91,5.77
	raw = -4.05,6.99	coord = 536.86,12.77
	raw = -3.35,7.36	coord = 533.51,20.13
	raw = -2.66,7.63	coord = 530.85,27.76
	raw = -2.44,9.55	coord = 528.41,37.31
	raw = -1.83,9.68	coord = 526.57,46.99
	raw = -1.36,9.76	coord = 525.22,56.75
	raw = -1.03,9.80	coord = 524.19,66.56
	raw = -0.82,9.82	coord = 523.37,76.38
	raw = -0.69,9.83	coord = 522.68,86.21
	raw = -0.60,9.84	coord = 522.08,96.05
	raw = -0.54,9.84	coord = 521.55,105.89
	raw = -0.49,9.84	coord = 521.05,115.73
	raw = -0.43,8.52	coord = 520.63,124.25
	raw = -0.46,8.52	coord = 520.17,132.77
	raw = -0.53,8.51	coord = 519.64,141.29
	raw = -0.67,8.51	coord = 518.97,149.79
	raw = -1.00,8.47	coord = 517.97,158.27
	raw = -2.27,8.19	coord = 515.71,166.45
	raw = -4.36,4.96	coord = 511.35,171.41
	raw = -4.94,4.40	coord = 506.41,175.81
	raw = -6.17,5.24	coord = 500.25,181.05
	raw = -5.77,5.67	coord = 494.48,186.73
	raw = -4.37,6.77	coord = 490.11,193.50
	raw = -1.79,9.33	coord = 488.31,202.83
	raw = -0.54,9.51	coord = 487.77,212.33
	raw = 0.04,9.53	coord = 487.81,221.86
	raw = 0.63,9.50	coord = 488.44,231.36
	raw = 1.45,5.94	coord = 489.89,237.31
	raw = 0.23,1.89	coord = 490.11,239.20
	raw = 0.25,0.06	coord = 490.36,239.26
	raw = 0.31,1.29	coord = 490.67,240.54
	raw = 5.13,-0.04	coord = 495.81,240.50
	raw = 0.32,0.07	coord = 496.13,240.58
	raw = 0.11,-0.08	coord = 496.24,240.50
	raw = 2.00,-0.02	coord = 498.23,240.48
	raw = 2.31,-3.17	coord = 500.54,237.31
	raw = 0.87,-0.64	coord = 501.40,236.67
	raw = 0.12,-0.71	coord = 501.52,235.96
	raw = 1.29,-1.78	coord = 502.81,234.19
	raw = 1.10,-8.02	coord = 503.91,226.16
	raw = 0.56,-8.09	coord = 504.47,218.08
	raw = 0.72,-8.88	coord = 505.19,209.19
	raw = 1.49,-8.77	coord = 506.68,200.42
	raw = 4.95,-6.05	coord = 511.63,194.37
	raw = 6.77,0.81	coord = 518.39,195.19
	raw = 1.41,6.74	coord = 519.80,201.93
	raw = 0.82,6.86	coord = 520.62,208.79
	raw = 0.80,8.43	coord = 521.42,217.21
	raw = 0.82,8.43	coord = 522.24,225.64
	raw = 1.00,8.41	coord = 523.24,234.05
	raw = 1.82,2.70	coord = 525.05,236.75
	raw = 0.43,1.65	coord = 525.49,238.40
	raw = 0.65,-0.04	coord = 526.14,238.36
	raw = 1.39,2.06	coord = 527.52,240.42
	raw = 3.00,-2.35	coord = 530.52,238.07
	raw = 1.70,-0.11	coord = 532.22,237.95
	raw = 0.24,-1.41	coord = 532.46,236.54
	raw = 0.97,-0.77	coord = 533.44,235.78
	raw = 1.26,-8.82	coord = 534.70,226.96
	raw = 0.61,-8.90	coord = 535.30,218.06
	raw = 0.40,-8.91	coord = 535.71,209.15
	raw = 0.31,-8.91	coord = 536.01,200.23
	raw = 0.26,-8.92	coord = 536.27,191.32
	raw = 0.24,-8.92	coord = 536.51,182.40
	raw = 0.25,-9.64	coord = 536.76,172.76
	raw = 0.26,-9.64	coord = 537.02,163.13
	raw = 0.26,-9.64	coord = 537.29,153.49
	raw = 0.28,-9.63	coord = 537.56,143.86
	raw = 0.29,-9.63	coord = 537.85,134.22
	raw = 0.30,-9.63	coord = 538.15,124.59
	raw = 0.32,-9.63	coord = 538.47,114.95
	raw = 0.35,-9.63	coord = 538.82,105.32
	raw = 0.40,-9.63	coord = 539.22,95.69
	raw = 0.46,-9.63	coord = 539.68,86.06
	raw = 0.58,-9.62	coord = 540.26,76.43
	raw = 0.83,-9.60	coord = 541.09,66.83
	raw = 1.93,-9.40	coord = 543.03,57.43
	raw = 6.24,0.05	coord = 549.27,57.47
	raw = 1.46,9.50	coord = 550.73,66.98
	raw = 0.69,9.62	coord = 551.42,76.59
	raw = 0.51,9.63	coord = 551.93,86.22
	raw = 0.42,9.63	coord = 552.35,95.85
	raw = 0.36,9.63	coord = 552.71,105.49
	raw = 0.32,9.64	coord = 553.03,115.12
	raw = 0.29,9.64	coord = 553.31,124.76
	raw = 0.26,9.64	coord = 553.58,134.40
	raw = 0.24,9.24	coord = 553.82,143.64
	raw = 0.25,9.24	coord = 554.07,152.88
	raw = 0.26,9.24	coord = 554.34,162.12
	raw = 0.28,9.24	coord = 554.61,171.36
	raw = 0.29,9.24	coord = 554.91,180.59
	raw = 0.31,9.24	coord = 555.22,189.83
	raw = 0.34,9.24	coord = 555.55,199.07
	raw = 0.38,9.23	coord = 555.93,208.30
	raw = 0.43,9.23	coord = 556.36,217.53
	raw = 0.54,9.23	coord = 556.90,226.76
	raw = 0.99,9.18	coord = 557.89,235.94
	raw = 4.22,2.40	coord = 562.11,238.34
	raw = 1.09,1.66	coord = 563.20,240.00
	raw = 0.55,-0.72	coord = 563.75,239.28
	raw = 1.42,0.81	coord = 565.17,240.09
	raw = 3.25,-5.83	coord = 568.42,234.26
	raw = 0.80,-6.94	coord = 569.21,227.32
	raw = 0.57,-6.96	coord = 569.78,220.36
	raw = 0.91,-9.88	coord = 570.69,210.47
	raw = 1.71,-9.77	coord = 572.41,200.71
	raw = 6.90,-5.17	coord = 579.31,195.53
	raw = 5.21,5.98	coord = 584.53,201.52
	raw = 2.03,7.97	coord = 586.56,209.48
	raw = 0.88,8.19	coord = 587.44,217.67
	raw = 0.26,8.23	coord = 587.70,225.90
	raw = 0.38,5.83	coord = 588.08,231.73
	raw = 1.23,5.70	coord = 589.31,237.43
	raw = 5.49,3.43	coord = 594.80,240.87
	raw = 2.07,-1.12	coord = 596.87,239.74
	raw = 0.36,0.13	coord = 597.23,239.88
	raw = 0.35,-0.52	coord = 597.58,239.36
	raw = 3.38,-1.84	coord = 600.96,237.52
	raw = 2.03,-7.01	coord = 602.99,230.51
	raw = 0.19,-7.43	coord = 603.18,223.08
	raw = 0.02,-7.43	coord = 603.20,215.65
	raw = -0.02,-8.06	coord = 603.18,207.59
	raw = -0.27,-8.06	coord = 602.92,199.54
	raw = -2.55,-7.55	coord = 600.37,191.99
	raw = -4.65,-5.61	coord = 595.72,186.38
	raw = -5.13,-5.19	coord = 590.60,181.19
	raw = -5.34,-4.97	coord = 585.26,176.22
	raw = -6.14,-5.48	coord = 579.12,170.74
	raw = -6.14,-5.48	coord = 572.97,165.26
	raw = -0.60,-7.70	coord = 572.37,157.56
	raw = -0.53,-9.12	coord = 571.85,148.44
	raw = -0.44,-9.13	coord = 571.41,139.32
	raw = -0.40,-9.13	coord = 571.01,130.19
	raw = -0.38,-9.13	coord = 570.63,121.07
	raw = -0.40,-9.38	coord = 570.23,111.68
	raw = -0.45,-9.38	coord = 569.78,102.30
	raw = -0.52,-9.38	coord = 569.26,92.92
	raw = -0.61,-9.37	coord = 568.65,83.55
	raw = -0.72,-9.36	coord = 567.93,74.19
	raw = -0.87,-9.35	coord = 567.06,64.84
	raw = -1.06,-9.33	coord = 566.00,55.50
	raw = -1.33,-9.30	coord = 564.67,46.21
	raw = -1.70,-9.24	coord = 562.97,36.97
	raw = -2.23,-9.12	coord = 560.75,27.85
	raw = -2.98,-8.90	coord = 557.77,18.95
	raw = -3.13,-6.36	coord = 554.64,12.58
	raw = -3.63,-6.10	coord = 551.01,6.49
End polygon at 546.73,0.86


Object origin:
438.843750 158.860370

Eagle Command:
set wire_bend 2;
change layer tNames;
set width 0.000500;
poly (R 5.811425 5.039599) (R -8.627832 5.039599) (R 5.635742 5.039599) (R -8.612695 5.039599) (R 5.425195 5.039599) (R -8.591211 5.039599) (R 5.383203 5.039599) (R -8.492285 5.039599) (R 5.249024 5.039599) (R -8.174805 5.039599) (R 5.201270 5.039599) (R -7.713769 5.039599) (R 5.176367 5.039599) (R -7.250684 5.039599) (R 5.159766 5.039599) (R -6.787402 5.039599) (R 5.147070 5.039599) (R -6.323926 5.039599) (R 5.133789 5.039599) (R -5.835644 5.039599) (R 5.116308 5.039599) (R -5.347461 5.039599) (R 5.084082 5.039599) (R -4.860156 5.039599) (R 4.902149 5.039599) (R -4.479004 5.039599) (R 4.788770 5.039599) (R -4.484570 5.039599) (R 4.550586 5.039599) (R -4.546289 5.039599) (R 4.213965 5.039599) (R -4.652441 5.039599) (R 3.812891 5.039599) (R -4.773730 5.039599) (R 3.400488 5.039599) (R -4.845215 5.039599) (R 2.982227 5.039599) (R -4.868164 5.039599) (R 2.602246 5.039599) (R -4.884375 5.039599) (R 2.223438 5.039599) (R -4.914355 5.039599) (R 1.993848 5.039599) (R -5.053418 5.039599) (R 1.735352 5.039599) (R -5.261621 5.039599) (R 1.452636 5.039599) (R -5.478418 5.039599) (R 1.090136 5.039599) (R -5.688184 5.039599) (R 0.707520 5.039599) (R -5.858594 5.039599) (R 0.310449 5.039599) (R -5.991992 5.039599) (R -0.097266 5.039599) (R -6.088086 5.039599) (R -0.512305 5.039599) (R -6.144336 5.039599) (R -0.960547 5.039599) (R -6.144336 5.039599) (R -1.404101 5.039599) (R -6.078809 5.039599) (R -1.835742 5.039599) (R -5.957226 5.039599) (R -2.249609 5.039599) (R -5.784473 5.039599) (R -2.639063 5.039599) (R -5.562110 5.039599) (R -2.994726 5.039599) (R -5.289258 5.039599) (R -3.252539 5.039599) (R -5.018945 5.039599) (R -3.489941 5.039599) (R -4.730469 5.039599) (R -3.712012 5.039599) (R -4.429980 5.039599) (R -3.941016 5.039599) (R -4.115820 5.039599) (R -4.195996 5.039599) (R -3.822461 5.039599) (R -4.496387 5.039599) (R -3.576953 5.039599) (R -4.848144 5.039599) (R -3.413476 5.039599) (R -5.267578 5.039599) (R -3.248144 5.039599) (R -5.665723 5.039599) (R -3.036816 5.039599) (R -6.038086 5.039599) (R -2.782617 5.039599) (R -6.378223 5.039599) (R -2.486719 5.039599) (R -6.676269 5.039599) (R -2.148633 5.039599) (R -6.904883 5.039599) (R -1.813379 5.039599) (R -7.089063 5.039599) (R -1.451758 5.039599) (R -7.167578 5.039599) (R -1.240625 5.039599) (R -7.230566 5.039599) (R -1.071289 5.039599) (R -7.347070 5.039599) (R -0.682226 5.039599) (R -7.444433 5.039599) (R -0.356445 5.039599) (R -7.566211 5.039599) (R -0.039648 5.039599) (R -7.917578 5.039599) (R 0.108203 5.039599) (R -8.305566 5.039599) (R 0.146777 5.039599) (R -8.694922 5.039599) (R 0.167774 5.039599) (R -9.084668 5.039599) (R 0.183399 5.039599) (R -9.550976 5.039599) (R 0.202246 5.039599) (R -10.016699 5.039599) (R 0.230859 5.039599) (R -10.471289 5.039599) (R 0.324511 5.039599) (R -10.666601 5.039599) (R 0.494434 5.039599) (R -10.646680 5.039599) (R 0.739551 5.039599) (R -10.272461 5.039599) (R 0.860449 5.039599) (R -9.872656 5.039599) (R 0.892871 5.039599) (R -9.471973 5.039599) (R 0.912109 5.039599) (R -9.071191 5.039599) (R 0.926856 5.039599) (R -9.071191 5.039599) (R 0.926758 5.039599) (R -8.575781 5.039599) (R 0.938477 5.039599) (R -8.080371 5.039599) (R 0.945703 5.039599) (R -7.584864 5.039599) (R 0.950977 5.039599) (R -7.089453 5.039599) (R 0.955078 5.039599) (R -6.593945 5.039599) (R 0.958399 5.039599) (R -6.098438 5.039599) (R 0.961035 5.039599) (R -5.602930 5.039599) (R 0.963281 5.039599) (R -5.107422 5.039599) (R 0.965136 5.039599) (R -4.611914 5.039599) (R 0.966602 5.039599) (R -4.116406 5.039599) (R 0.967871 5.039599) (R -3.620898 5.039599) (R 0.968848 5.039599) (R -3.125391 5.039599) (R 0.969629 5.039599) (R -2.629883 5.039599) (R 0.970215 5.039599) (R -2.134375 5.039599) (R 0.970606 5.039599) (R -1.638965 5.039599) (R 0.970801 5.039599) (R -1.143457 5.039599) (R 0.970899 5.039599) (R -0.647949 5.039599) (R 0.970801 5.039599) (R -0.152441 5.039599) (R 0.970606 5.039599) (R 0.343067 5.039599) (R 0.970313 5.039599) (R 0.838574 5.039599) (R 0.969824 5.039599) (R 1.334082 5.039599) (R 0.969238 5.039599) (R 1.829590 5.039599) (R 0.968555 5.039599) (R 2.325098 5.039599) (R 0.967871 5.039599) (R 2.820606 5.039599) (R 0.966992 5.039599) (R 3.316016 5.039599) (R 0.966016 5.039599) (R 3.811524 5.039599) (R 0.964942 5.039599) (R 4.307031 5.039599) (R 0.963770 5.039599) (R 4.802539 5.039599) (R 0.962500 5.039599) (R 5.298047 5.039599) (R 0.961133 5.039599) (R 5.793555 5.039599) (R 0.959668 5.039599) (R 6.289063 5.039599) (R 0.958203 5.039599) (R 6.784570 5.039599) (R 0.956543 5.039599) (R 7.280078 5.039599) (R 0.954883 5.039599) (R 7.775488 5.039599) (R 0.953027 5.039599) (R 8.270996 5.039599) (R 0.951172 5.039599) (R 8.766504 5.039599) (R 0.949121 5.039599) (R 9.262012 5.039599) (R 0.947070 5.039599) (R 9.757422 5.039599) (R 0.944824 5.039599) (R 10.252832 5.039599) (R 0.942578 5.039599) (R 10.748340 5.039599) (R 0.940234 5.039599) (R 11.243848 5.039599) (R 0.937695 5.039599) (R 11.739356 5.039599) (R 0.935059 5.039599) (R 12.234863 5.039599) (R 0.932324 5.039599) (R 12.730371 5.039599) (R 0.929492 5.039599) (R 13.225879 5.039599) (R 0.926465 5.039599) (R 13.721387 5.039599) (R 0.923340 5.039599) (R 14.216797 5.039599) (R 0.920117 5.039599) (R 14.712305 5.039599) (R 0.916699 5.039599) (R 15.207813 5.039599) (R 0.913086 5.039599) (R 15.703320 5.039599) (R 0.909277 5.039599) (R 16.198828 5.039599) (R 0.905176 5.039599) (R 16.694238 5.039599) (R 0.900879 5.039599) (R 17.189746 5.039599) (R 0.896386 5.039599) (R 17.685254 5.039599) (R 0.891504 5.039599) (R 18.180664 5.039599) (R 0.886133 5.039599) (R 18.676172 5.039599) (R 0.880371 5.039599) (R 19.171582 5.039599) (R 0.873926 5.039599) (R 19.667090 5.039599) (R 0.866602 5.039599) (R 20.162500 5.039599) (R 0.857910 5.039599) (R 20.657813 5.039599) (R 0.846777 5.039599) (R 21.152930 5.039599) (R 0.826270 5.039599) (R 21.594238 5.039599) (R 0.773633 5.039599) (R 21.942188 5.039599) (R 0.560156 5.039599) (R 21.589746 5.039599) (R 0.304102 5.039599) (R 21.116699 5.039599) (R 0.240918 5.039599) (R 20.640723 5.039599) (R 0.203516 5.039599) (R 20.164160 5.039599) (R 0.174121 5.039599) (R 19.748047 5.039599) (R 0.146777 5.039599) (R 19.332520 5.039599) (R 0.111328 5.039599) (R 18.920996 5.039599) (R 0.049707 5.039599) (R 18.782031 5.039599) (R -0.276953 5.039599) (R 18.681641 5.039599) (R -0.619433 5.039599) (R 18.552442 5.039599) (R -1.050098 5.039599) (R 18.478516 5.039599) (R -1.240625 5.039599) (R 18.389942 5.039599) (R -1.469141 5.039599) (R 18.188672 5.039599) (R -1.871094 5.039599) (R 17.943457 5.039599) (R -2.247656 5.039599) (R 17.650586 5.039599) (R -2.588379 5.039599) (R 17.310059 5.039599) (R -2.881348 5.039599) (R 16.927344 5.039599) (R -3.116504 5.039599) (R 16.512305 5.039599) (R -3.288574 5.039599) (R 16.117774 5.039599) (R -3.435644 5.039599) (R 15.748731 5.039599) (R -3.637109 5.039599) (R 15.430567 5.039599) (R -3.912012 5.039599) (R 15.160742 5.039599) (R -4.234961 5.039599) (R 14.916406 5.039599) (R -4.578027 5.039599) (R 14.659863 5.039599) (R -4.906836 5.039599) (R 14.366016 5.039599) (R -5.202735 5.039599) (R 14.042090 5.039599) (R -5.465723 5.039599) (R 13.694726 5.039599) (R -5.696582 5.039599) (R 13.328809 5.039599) (R -5.897070 5.039599) (R 12.926856 5.039599) (R -6.079101 5.039599) (R 12.506445 5.039599) (R -6.212207 5.039599) (R 12.068555 5.039599) (R -6.258594 5.039599) (R 11.631152 5.039599) (R -6.205078 5.039599) (R 11.173438 5.039599) (R -6.078223 5.039599) (R 10.732226 5.039599) (R -5.902637 5.039599) (R 10.309473 5.039599) (R -5.685938 5.039599) (R 9.904882 5.039599) (R -5.436816 5.039599) (R 9.561035 5.039599) (R -5.210351 5.039599) (R 9.204199 5.039599) (R -5.005762 5.039599) (R 8.806445 5.039599) (R -4.907715 5.039599) (R 8.395507 5.039599) (R -4.882129 5.039599) (R 7.957520 5.039599) (R -4.849902 5.039599) (R 7.525586 5.039599) (R -4.772168 5.039599) (R 7.104199 5.039599) (R -4.648633 5.039599) (R 6.749414 5.039599) (R -4.542969 5.039599) (R 6.388086 5.039599) (R -4.466894 5.039599) (R 6.251465 5.039599) (R -4.644531 5.039599) (R 6.213379 5.039599) (R -5.096680 5.039599) (R 6.191016 5.039599) (R -5.550195 5.039599) (R 6.173047 5.039599) (R -6.004004 5.039599) (R 6.158300 5.039599) (R -6.457813 5.039599) (R 6.142675 5.039599) (R -6.921485 5.039599) (R 6.122754 5.039599) (R -7.385058 5.039599) (R 6.096680 5.039599) (R -7.848242 5.039599) (R 6.050781 5.039599) (R -8.309570 5.039599) (R 5.811425 5.039599) (R -8.627832 5.039599) (R 5.811425 5.039599);
poly (R 7.251465 -7.943018) (R -21.903614 4.878270) (R -21.740039 4.633544) (R -21.667383 4.618504) (R -21.636230 4.616747) (R -21.609180 4.617431) (R -21.589551 4.661962) (R -21.550879 4.668602) (R -21.439649 4.715672) (R -21.565821 5.025536) (R -21.626563 5.031493) (R -21.622754 5.044970) (R -21.510840 5.013720) (R -21.429688 5.013720) (R -21.293066 5.253466) (R -21.289941 5.255421) (R -21.287987 5.262257) (R -21.196873 5.422121) (R -21.111229 5.914112) (R -21.077538 6.412745) (R -21.072069 6.878761) (R -21.101170 7.343800) (R -21.226463 7.789796) (R -21.521287 7.918410) (R -21.542674 7.931690) (R -21.573826 7.943018) (R 7.251465 -7.943018);
poly (R 3.982422 -7.917531) (R -21.942188 4.836474) (R -21.761426 4.679833) (R -21.671679 4.603270) (R -21.636426 4.601220) (R -21.612403 4.601513) (R -21.586621 4.603563) (R -21.533887 4.612938) (R -21.430762 4.816650) (R -21.356153 5.051513) (R -21.459766 5.275340) (R -21.514356 5.464013) (R -21.576367 5.477587) (R -21.606836 5.480419) (R -21.635058 5.481102) (R -21.676758 5.478368) (R -21.772657 5.394579) (R 3.982422 -7.917531);
poly (R 5.705469 4.996727) (R 5.618164 4.922997) (R 5.595313 4.941845) (R 5.541601 4.858348) (R 5.414550 4.751024) (R 5.211817 4.401317) (R 5.044336 4.033251) (R 4.911132 3.651513) (R 4.789257 3.174169) (R 4.697558 2.689989) (R 4.629785 2.201903) (R 4.578223 1.711766) (R 4.537109 1.220751) (R 4.502734 0.729052) (R 4.472949 0.237157) (R 4.446192 -0.254933) (R 4.421582 -0.747022) (R 4.400293 -1.173097) (R 4.377148 -1.599074) (R 4.350683 -2.024757) (R 4.317382 -2.450050) (R 4.267578 -2.873682) (R 4.154101 -3.283057) (R 3.936328 -3.530909) (R 3.689550 -3.750929) (R 3.381250 -4.013136) (R 3.092773 -4.296827) (R 2.874121 -4.635304) (R 2.784472 -5.101710) (R 2.757519 -5.577101) (R 2.759569 -6.053468) (R 2.790917 -6.528566) (R 2.863183 -6.825734) (R 2.874511 -6.920363) (R 2.886913 -6.923193) (R 2.902538 -6.987548) (R 3.159179 -6.985498) (R 3.175390 -6.989208) (R 3.180663 -6.985303) (R 3.280468 -6.984523) (R 3.395800 -6.825832) (R 3.439062 -6.793801) (R 3.444823 -6.758449) (R 3.509374 -6.669680) (R 3.564257 -6.268605) (R 3.592187 -5.864308) (R 3.628417 -5.420070) (R 3.702733 -4.981594) (R 3.950194 -4.679055) (R 4.288476 -4.719680) (R 4.358983 -5.056887) (R 4.399804 -5.399660) (R 4.439843 -5.821144) (R 4.480858 -6.242531) (R 4.530663 -6.662941) (R 4.621581 -6.797902) (R 4.643163 -6.880421) (R 4.675683 -6.878271) (R 4.745019 -6.981299) (R 4.894921 -6.863721) (R 4.979882 -6.858056) (R 4.991991 -6.787549) (R 5.040722 -6.749267) (R 5.103710 -6.308154) (R 5.134081 -5.863232) (R 5.154101 -5.417725) (R 5.169433 -4.972022) (R 5.182519 -4.526221) (R 5.194433 -4.080420) (R 5.207030 -3.598584) (R 5.219921 -3.116748) (R 5.233105 -2.634912) (R 5.246874 -2.153174) (R 5.261132 -1.671435) (R 5.276269 -1.189697) (R 5.292480 -0.707959) (R 5.310058 -0.226318) (R 5.329882 0.255322) (R 5.353026 0.736767) (R 5.381933 1.217920) (R 5.423437 1.698096) (R 5.520116 2.168213) (R 5.832128 2.165869) (R 5.905370 1.690772) (R 5.939745 1.209912) (R 5.965331 0.728565) (R 5.986327 0.246924) (R 6.004296 -0.234814) (R 6.020214 -0.716650) (R 6.034569 -1.198486) (R 6.047655 -1.680420) (R 6.059862 -2.142334) (R 6.072558 -2.604346) (R 6.085741 -3.066357) (R 6.099511 -3.528174) (R 6.114159 -3.990088) (R 6.129687 -4.451904) (R 6.146581 -4.913721) (R 6.165331 -5.375439) (R 6.186816 -5.837060) (R 6.213866 -6.298389) (R 6.263573 -6.757373) (R 6.474413 -6.877588) (R 6.528808 -6.960400) (R 6.556151 -6.924267) (R 6.627245 -6.964795) (R 6.789745 -6.673486) (R 6.829589 -6.326514) (R 6.858007 -5.978271) (R 6.903515 -5.484033) (R 6.989257 -4.995752) (R 7.334472 -4.737060) (R 7.595214 -5.036279) (R 7.696776 -5.434619) (R 7.740722 -5.843896) (R 7.753905 -6.255420) (R 7.772753 -6.546924) (R 7.834179 -6.832080) (R 8.108886 -7.003662) (R 8.212401 -6.947510) (R 8.230175 -6.954248) (R 8.247753 -6.928271) (R 8.416894 -6.836474) (R 8.518163 -6.485986) (R 8.527831 -6.114599) (R 8.528806 -5.743115) (R 8.527926 -5.340088) (R 8.514645 -4.937158) (R 8.387301 -4.559717) (R 8.154977 -4.279248) (R 7.898727 -4.019678) (R 7.631735 -3.771240) (R 7.324704 -3.497314) (R 7.017575 -3.223389) (R 6.987594 -2.838525) (R 6.961325 -2.382568) (R 6.939352 -1.926318) (R 6.919137 -1.470068) (R 6.900387 -1.013721) (R 6.880465 -0.544482) (R 6.857907 -0.075439) (R 6.831735 0.393408) (R 6.801266 0.862061) (R 6.765231 1.330225) (R 6.721774 1.797803) (R 6.668649 2.264404) (R 6.602340 2.729248) (R 6.517477 3.191065) (R 6.406149 3.647217) (R 6.257125 4.092334) (R 6.100778 4.410498) (R 5.919430 4.715283) (R 5.705469 4.996727);

